<?xml version="1.0" encoding="UTF-8"?>
<!-- Generated by org.testng.reporters.JUnitXMLReporter -->
<testsuite hostname="CPU351" ignored="3" name="Settings" tests="37" failures="1" timestamp="07 Jan 2019 04:39:48 GMT" time="140.287" errors="0">
  <testcase name="Login" time="12.708" classname="Scripts.Login_Script"/>
  <testcase name="settingPage" time="3.104" classname="Scripts.Setting_Script"/>
  <testcase name="myProfileEdit" time="3.274" classname="Scripts.Setting_Script"/>
  <testcase name="myProfileEdit" time="14.245" classname="Scripts.Setting_Script"/>
  <testcase name="myProfileEdit" time="0.001" classname="Scripts.Setting_Script"/>
  <testcase name="myProfileEdit" time="0.001" classname="Scripts.Setting_Script"/>
  <testcase name="myProfileEdit" time="0.001" classname="Scripts.Setting_Script"/>
  <testcase name="myProfileEdit" time="0.001" classname="Scripts.Setting_Script"/>
  <testcase name="myProfileEdit" time="0.001" classname="Scripts.Setting_Script"/>
  <testcase name="myProfileEdit" time="0.001" classname="Scripts.Setting_Script"/>
  <testcase name="portNumberEdit" time="0.0" classname="Scripts.Setting_Script"/>
  <testcase name="portNumberEdit" time="0.0" classname="Scripts.Setting_Script"/>
  <testcase name="portNumberEdit" time="1.306" classname="Scripts.Setting_Script"/>
  <testcase name="portNumberEdit" time="0.225" classname="Scripts.Setting_Script"/>
  <testcase name="portNumberEdit" time="3.884" classname="Scripts.Setting_Script"/>
  <testcase name="portNumberEdit" time="0.002" classname="Scripts.Setting_Script"/>
  <testcase name="portNumberEdit" time="0.004" classname="Scripts.Setting_Script"/>
  <testcase name="portNumberEdit" time="0.005" classname="Scripts.Setting_Script"/>
  <testcase name="manageAuthToken" time="20.176" classname="Scripts.Setting_Script"/>
  <testcase name="editmanageAuthToken" time="0.0" classname="Scripts.Setting_Script"/>
  <testcase name="editmanageAuthToken" time="0.0" classname="Scripts.Setting_Script"/>
  <testcase name="editmanageAuthToken" time="0.0" classname="Scripts.Setting_Script"/>
  <testcase name="editmanageAuthToken" time="0.0" classname="Scripts.Setting_Script"/>
  <testcase name="editmanageAuthToken" time="0.0" classname="Scripts.Setting_Script"/>
  <testcase name="editmanageAuthToken" time="11.403" classname="Scripts.Setting_Script"/>
  <testcase name="editmanageAuthToken" time="0.003" classname="Scripts.Setting_Script"/>
  <testcase name="editmanageAuthToken" time="0.004" classname="Scripts.Setting_Script"/>
  <testcase name="autoDelegate" time="24.923" classname="Scripts.Setting_Script"/>
  <testcase name="manageAdhocUser" time="24.242" classname="Scripts.Setting_Script"/>
  <testcase name="editNDeleteAdhocUser" time="0.0" classname="Scripts.Setting_Script"/>
  <testcase name="editNDeleteAdhocUser" time="0.0" classname="Scripts.Setting_Script"/>
  <testcase name="editNDeleteAdhocUser" time="0.0" classname="Scripts.Setting_Script"/>
  <testcase name="editNDeleteAdhocUser" time="0.0" classname="Scripts.Setting_Script"/>
  <testcase name="editNDeleteAdhocUser" time="0.0" classname="Scripts.Setting_Script"/>
  <testcase name="editNDeleteAdhocUser" time="0.0" classname="Scripts.Setting_Script"/>
  <testcase name="editNDeleteAdhocUser" time="9.457" classname="Scripts.Setting_Script"/>
  <testcase name="editNDeleteAdhocUser" time="5.569" classname="Scripts.Setting_Script">
    <failure type="org.openqa.selenium.WebDriverException" message="unknown error: Element &amp;lt;i class=&amp;quot;fa fa-chevron-left&amp;quot; aria-hidden=&amp;quot;true&amp;quot;&amp;gt;&amp;lt;/i&amp;gt; is not clickable at point (310, 123). Other element would receive the click: &amp;lt;div class=&amp;quot;overlayBg&amp;quot;&amp;gt;...&amp;lt;/div&amp;gt;
  (Session info: chrome=71.0.3578.98)
  (Driver info: chromedriver=2.44.609538 (b655c5a60b0b544917107a59d4153d4bf78e1b90),platform=Windows NT 10.0.10240 x86_64) (WARNING: The server did not provide any stacktrace information)
Command duration or timeout: 0 milliseconds
Build info: version: &amp;apos;3.14.0&amp;apos;, revision: &amp;apos;aacccce0&amp;apos;, time: &amp;apos;2018-08-02T20:13:22.693Z&amp;apos;
System info: host: &amp;apos;CPU351&amp;apos;, ip: &amp;apos;10.80.106.233&amp;apos;, os.name: &amp;apos;Windows 10&amp;apos;, os.arch: &amp;apos;amd64&amp;apos;, os.version: &amp;apos;10.0&amp;apos;, java.version: &amp;apos;1.8.0_191&amp;apos;
Driver info: org.openqa.selenium.chrome.ChromeDriver
Capabilities {acceptInsecureCerts: false, acceptSslCerts: false, applicationCacheEnabled: false, browserConnectionEnabled: false, browserName: chrome, chrome: {chromedriverVersion: 2.44.609538 (b655c5a60b0b54..., userDataDir: C:\Users\20954\AppData\Loca...}, cssSelectorsEnabled: true, databaseEnabled: false, goog:chromeOptions: {debuggerAddress: localhost:55290}, handlesAlerts: true, hasTouchScreen: false, javascriptEnabled: true, locationContextEnabled: true, mobileEmulationEnabled: false, nativeEvents: true, networkConnectionEnabled: false, pageLoadStrategy: normal, platform: XP, platformName: XP, rotatable: false, setWindowRect: true, takesHeapSnapshot: true, takesScreenshot: true, unexpectedAlertBehaviour: ignore, unhandledPromptBehavior: ignore, version: 71.0.3578.98, webStorageEnabled: true}
Session ID: 7f781e5f4b413b916c024115a9b1de4c">
      <![CDATA[org.openqa.selenium.WebDriverException: unknown error: Element <i class="fa fa-chevron-left" aria-hidden="true"></i> is not clickable at point (310, 123). Other element would receive the click: <div class="overlayBg">...</div>
  (Session info: chrome=71.0.3578.98)
  (Driver info: chromedriver=2.44.609538 (b655c5a60b0b544917107a59d4153d4bf78e1b90),platform=Windows NT 10.0.10240 x86_64) (WARNING: The server did not provide any stacktrace information)
Command duration or timeout: 0 milliseconds
Build info: version: '3.14.0', revision: 'aacccce0', time: '2018-08-02T20:13:22.693Z'
System info: host: 'CPU351', ip: '10.80.106.233', os.name: 'Windows 10', os.arch: 'amd64', os.version: '10.0', java.version: '1.8.0_191'
Driver info: org.openqa.selenium.chrome.ChromeDriver
Capabilities {acceptInsecureCerts: false, acceptSslCerts: false, applicationCacheEnabled: false, browserConnectionEnabled: false, browserName: chrome, chrome: {chromedriverVersion: 2.44.609538 (b655c5a60b0b54..., userDataDir: C:\Users\20954\AppData\Loca...}, cssSelectorsEnabled: true, databaseEnabled: false, goog:chromeOptions: {debuggerAddress: localhost:55290}, handlesAlerts: true, hasTouchScreen: false, javascriptEnabled: true, locationContextEnabled: true, mobileEmulationEnabled: false, nativeEvents: true, networkConnectionEnabled: false, pageLoadStrategy: normal, platform: XP, platformName: XP, rotatable: false, setWindowRect: true, takesHeapSnapshot: true, takesScreenshot: true, unexpectedAlertBehaviour: ignore, unhandledPromptBehavior: ignore, version: 71.0.3578.98, webStorageEnabled: true}
Session ID: 7f781e5f4b413b916c024115a9b1de4c
at org.openqa.selenium.remote.ErrorHandler.createThrowable(ErrorHandler.java:214)
at org.openqa.selenium.remote.ErrorHandler.throwIfResponseFailed(ErrorHandler.java:166)
at org.openqa.selenium.remote.http.JsonHttpResponseCodec.reconstructValue(JsonHttpResponseCodec.java:40)
at org.openqa.selenium.remote.http.AbstractHttpResponseCodec.decode(AbstractHttpResponseCodec.java:80)
at org.openqa.selenium.remote.http.AbstractHttpResponseCodec.decode(AbstractHttpResponseCodec.java:44)
at org.openqa.selenium.remote.HttpCommandExecutor.execute(HttpCommandExecutor.java:158)
at org.openqa.selenium.remote.service.DriverCommandExecutor.execute(DriverCommandExecutor.java:83)
at org.openqa.selenium.remote.RemoteWebDriver.execute(RemoteWebDriver.java:548)
at org.openqa.selenium.remote.RemoteWebElement.execute(RemoteWebElement.java:276)
at org.openqa.selenium.remote.RemoteWebElement.click(RemoteWebElement.java:83)
at org.openqa.selenium.support.pagefactory.internal.LocatingElementHandler.invoke(LocatingElementHandler.java:51)
at com.sun.proxy.$Proxy13.click(Unknown Source)
at Page_Factory.pf_genericmethods.cl_click(pf_genericmethods.java:21)
at Page_Factory.pf_Settings.deleteAdhocUser(pf_Settings.java:427)
at Scripts.Setting_Script.editNDeleteAdhocUser(Setting_Script.java:145)
... Removed 32 stack frames]]>
    </failure>
  </testcase> <!-- editNDeleteAdhocUser -->
  <testcase name="@BeforeSuite createreport" time="0.0" classname="Generic_Library.Basefunctions">
    <ignored/>
  </testcase> <!-- @BeforeSuite createreport -->
  <testcase name="@BeforeTest launch" time="0.0" classname="Generic_Library.Basefunctions">
    <ignored/>
  </testcase> <!-- @BeforeTest launch -->
  <testcase name="@AfterTest closeapp" time="0.0" classname="Generic_Library.Basefunctions">
    <ignored/>
  </testcase> <!-- @AfterTest closeapp -->
</testsuite> <!-- Settings -->
