<?xml version="1.0" encoding="UTF-8"?>
<!-- Generated by org.testng.reporters.JUnitReportReporter -->
<testsuite skipped="0" hostname="CPU351" name="Scripts.Setting_Script" tests="36" failures="0" timestamp="07 Jan 2019 04:45:23 GMT" time="121.860" errors="1">
  <testcase name="settingPage" time="3.104" classname="Scripts.Setting_Script"/>
  <testcase name="myProfileEdit" time="0.001" classname="Scripts.Setting_Script"/>
  <testcase name="myProfileEdit" time="0.001" classname="Scripts.Setting_Script"/>
  <testcase name="myProfileEdit" time="0.001" classname="Scripts.Setting_Script"/>
  <testcase name="myProfileEdit" time="3.274" classname="Scripts.Setting_Script"/>
  <testcase name="myProfileEdit" time="14.245" classname="Scripts.Setting_Script"/>
  <testcase name="myProfileEdit" time="0.001" classname="Scripts.Setting_Script"/>
  <testcase name="myProfileEdit" time="0.001" classname="Scripts.Setting_Script"/>
  <testcase name="myProfileEdit" time="0.017" classname="Scripts.Setting_Script"/>
  <testcase name="portNumberEdit" time="0.000" classname="Scripts.Setting_Script"/>
  <testcase name="portNumberEdit" time="0.005" classname="Scripts.Setting_Script"/>
  <testcase name="portNumberEdit" time="0.225" classname="Scripts.Setting_Script"/>
  <testcase name="portNumberEdit" time="3.885" classname="Scripts.Setting_Script"/>
  <testcase name="portNumberEdit" time="1.306" classname="Scripts.Setting_Script"/>
  <testcase name="portNumberEdit" time="0.004" classname="Scripts.Setting_Script"/>
  <testcase name="portNumberEdit" time="0.001" classname="Scripts.Setting_Script"/>
  <testcase name="portNumberEdit" time="0.002" classname="Scripts.Setting_Script"/>
  <testcase name="manageAuthToken" time="20.176" classname="Scripts.Setting_Script"/>
  <testcase name="editmanageAuthToken" time="0.004" classname="Scripts.Setting_Script"/>
  <testcase name="editmanageAuthToken" time="0.000" classname="Scripts.Setting_Script"/>
  <testcase name="editmanageAuthToken" time="0.000" classname="Scripts.Setting_Script"/>
  <testcase name="editmanageAuthToken" time="11.403" classname="Scripts.Setting_Script"/>
  <testcase name="editmanageAuthToken" time="0.001" classname="Scripts.Setting_Script"/>
  <testcase name="editmanageAuthToken" time="0.004" classname="Scripts.Setting_Script"/>
  <testcase name="editmanageAuthToken" time="0.000" classname="Scripts.Setting_Script"/>
  <testcase name="editmanageAuthToken" time="0.004" classname="Scripts.Setting_Script"/>
  <testcase name="autoDelegate" time="24.923" classname="Scripts.Setting_Script"/>
  <testcase name="manageAdhocUser" time="24.242" classname="Scripts.Setting_Script"/>
  <testcase name="editNDeleteAdhocUser" time="0.000" classname="Scripts.Setting_Script"/>
  <testcase name="editNDeleteAdhocUser" time="5.570" classname="Scripts.Setting_Script">
    <error type="org.openqa.selenium.WebDriverException" message="unknown error: Element &lt;i class=&quot;fa fa-chevron-left&quot; aria-hidden=&quot;true&quot;&gt;&lt;/i&gt; is not clickable at point (310, 123). Other element would receive the click: &lt;div class=&quot;overlayBg&quot;&gt;...&lt;/div&gt;
  (Session info: chrome=71.0.3578.98)
  (Driver info: chromedriver=2.44.609538 (b655c5a60b0b544917107a59d4153d4bf78e1b90),platform=Windows NT 10.0.10240 x86_64) (WARNING: The server did not provide any stacktrace information)
Command duration or timeout: 0 milliseconds
Build info: version: &#039;3.14.0&#039;, revision: &#039;aacccce0&#039;, time: &#039;2018-08-02T20:13:22.693Z&#039;
System info: host: &#039;CPU351&#039;, ip: &#039;10.80.106.233&#039;, os.name: &#039;Windows 10&#039;, os.arch: &#039;amd64&#039;, os.version: &#039;10.0&#039;, java.version: &#039;1.8.0_191&#039;
Driver info: org.openqa.selenium.chrome.ChromeDriver
Capabilities {acceptInsecureCerts: false, acceptSslCerts: false, applicationCacheEnabled: false, browserConnectionEnabled: false, browserName: chrome, chrome: {chromedriverVersion: 2.44.609538 (b655c5a60b0b54..., userDataDir: C:\Users\20954\AppData\Loca...}, cssSelectorsEnabled: true, databaseEnabled: false, goog:chromeOptions: {debuggerAddress: localhost:55290}, handlesAlerts: true, hasTouchScreen: false, javascriptEnabled: true, locationContextEnabled: true, mobileEmulationEnabled: false, nativeEvents: true, networkConnectionEnabled: false, pageLoadStrategy: normal, platform: XP, platformName: XP, rotatable: false, setWindowRect: true, takesHeapSnapshot: true, takesScreenshot: true, unexpectedAlertBehaviour: ignore, unhandledPromptBehavior: ignore, version: 71.0.3578.98, webStorageEnabled: true}
Session ID: 7f781e5f4b413b916c024115a9b1de4c">
      <![CDATA[org.openqa.selenium.WebDriverException: unknown error: Element <i class="fa fa-chevron-left" aria-hidden="true"></i> is not clickable at point (310, 123). Other element would receive the click: <div class="overlayBg">...</div>
  (Session info: chrome=71.0.3578.98)
  (Driver info: chromedriver=2.44.609538 (b655c5a60b0b544917107a59d4153d4bf78e1b90),platform=Windows NT 10.0.10240 x86_64) (WARNING: The server did not provide any stacktrace information)
Command duration or timeout: 0 milliseconds
Build info: version: '3.14.0', revision: 'aacccce0', time: '2018-08-02T20:13:22.693Z'
System info: host: 'CPU351', ip: '10.80.106.233', os.name: 'Windows 10', os.arch: 'amd64', os.version: '10.0', java.version: '1.8.0_191'
Driver info: org.openqa.selenium.chrome.ChromeDriver
Capabilities {acceptInsecureCerts: false, acceptSslCerts: false, applicationCacheEnabled: false, browserConnectionEnabled: false, browserName: chrome, chrome: {chromedriverVersion: 2.44.609538 (b655c5a60b0b54..., userDataDir: C:\Users\20954\AppData\Loca...}, cssSelectorsEnabled: true, databaseEnabled: false, goog:chromeOptions: {debuggerAddress: localhost:55290}, handlesAlerts: true, hasTouchScreen: false, javascriptEnabled: true, locationContextEnabled: true, mobileEmulationEnabled: false, nativeEvents: true, networkConnectionEnabled: false, pageLoadStrategy: normal, platform: XP, platformName: XP, rotatable: false, setWindowRect: true, takesHeapSnapshot: true, takesScreenshot: true, unexpectedAlertBehaviour: ignore, unhandledPromptBehavior: ignore, version: 71.0.3578.98, webStorageEnabled: true}
Session ID: 7f781e5f4b413b916c024115a9b1de4c
at sun.reflect.NativeConstructorAccessorImpl.newInstance0(Native Method)
at sun.reflect.NativeConstructorAccessorImpl.newInstance(Unknown Source)
at sun.reflect.DelegatingConstructorAccessorImpl.newInstance(Unknown Source)
at java.lang.reflect.Constructor.newInstance(Unknown Source)
at org.openqa.selenium.remote.ErrorHandler.createThrowable(ErrorHandler.java:214)
at org.openqa.selenium.remote.ErrorHandler.throwIfResponseFailed(ErrorHandler.java:166)
at org.openqa.selenium.remote.http.JsonHttpResponseCodec.reconstructValue(JsonHttpResponseCodec.java:40)
at org.openqa.selenium.remote.http.AbstractHttpResponseCodec.decode(AbstractHttpResponseCodec.java:80)
at org.openqa.selenium.remote.http.AbstractHttpResponseCodec.decode(AbstractHttpResponseCodec.java:44)
at org.openqa.selenium.remote.HttpCommandExecutor.execute(HttpCommandExecutor.java:158)
at org.openqa.selenium.remote.service.DriverCommandExecutor.execute(DriverCommandExecutor.java:83)
at org.openqa.selenium.remote.RemoteWebDriver.execute(RemoteWebDriver.java:548)
at org.openqa.selenium.remote.RemoteWebElement.execute(RemoteWebElement.java:276)
at org.openqa.selenium.remote.RemoteWebElement.click(RemoteWebElement.java:83)
at sun.reflect.GeneratedMethodAccessor10.invoke(Unknown Source)
at sun.reflect.DelegatingMethodAccessorImpl.invoke(Unknown Source)
at java.lang.reflect.Method.invoke(Unknown Source)
at org.openqa.selenium.support.pagefactory.internal.LocatingElementHandler.invoke(LocatingElementHandler.java:51)
at com.sun.proxy.$Proxy13.click(Unknown Source)
at Page_Factory.pf_genericmethods.cl_click(pf_genericmethods.java:21)
at Page_Factory.pf_Settings.deleteAdhocUser(pf_Settings.java:427)
at Scripts.Setting_Script.editNDeleteAdhocUser(Setting_Script.java:145)
at sun.reflect.NativeMethodAccessorImpl.invoke0(Native Method)
at sun.reflect.NativeMethodAccessorImpl.invoke(Unknown Source)
at sun.reflect.DelegatingMethodAccessorImpl.invoke(Unknown Source)
at java.lang.reflect.Method.invoke(Unknown Source)
at org.testng.internal.MethodInvocationHelper.invokeMethod(MethodInvocationHelper.java:124)
at org.testng.internal.Invoker.invokeMethod(Invoker.java:580)
at org.testng.internal.Invoker.invokeTestMethod(Invoker.java:716)
at org.testng.internal.Invoker.invokeTestMethods(Invoker.java:988)
at org.testng.internal.TestMethodWorker.invokeTestMethods(TestMethodWorker.java:125)
at org.testng.internal.TestMethodWorker.run(TestMethodWorker.java:109)
at org.testng.TestRunner.privateRun(TestRunner.java:648)
at org.testng.TestRunner.run(TestRunner.java:505)
at org.testng.SuiteRunner.runTest(SuiteRunner.java:455)
at org.testng.SuiteRunner.runSequentially(SuiteRunner.java:450)
at org.testng.SuiteRunner.privateRun(SuiteRunner.java:415)
at org.testng.SuiteRunner.run(SuiteRunner.java:364)
at org.testng.SuiteRunnerWorker.runSuite(SuiteRunnerWorker.java:52)
at org.testng.SuiteRunnerWorker.run(SuiteRunnerWorker.java:84)
at org.testng.TestNG.runSuitesSequentially(TestNG.java:1208)
at org.testng.TestNG.runSuitesLocally(TestNG.java:1137)
at org.testng.TestNG.runSuites(TestNG.java:1049)
at org.testng.TestNG.run(TestNG.java:1017)
at org.testng.remote.AbstractRemoteTestNG.run(AbstractRemoteTestNG.java:114)
at org.testng.remote.RemoteTestNG.initAndRun(RemoteTestNG.java:251)
at org.testng.remote.RemoteTestNG.main(RemoteTestNG.java:77)
]]>
    </error>
  </testcase> <!-- editNDeleteAdhocUser -->
  <testcase name="editNDeleteAdhocUser" time="0.001" classname="Scripts.Setting_Script"/>
  <testcase name="editNDeleteAdhocUser" time="0.001" classname="Scripts.Setting_Script"/>
  <testcase name="editNDeleteAdhocUser" time="0.000" classname="Scripts.Setting_Script"/>
  <testcase name="editNDeleteAdhocUser" time="0.000" classname="Scripts.Setting_Script"/>
  <testcase name="editNDeleteAdhocUser" time="0.001" classname="Scripts.Setting_Script"/>
  <testcase name="editNDeleteAdhocUser" time="9.457" classname="Scripts.Setting_Script"/>
</testsuite> <!-- Scripts.Setting_Script -->
